[23:05:05] [Client thread/INFO] [JMLogger] JourneyMap log initialized.
[23:05:05] [Client thread/INFO] [JourneyMap] ensureCurrent ENTER
[23:05:05] [Client thread/INFO] [PropertiesBase] Loaded CoreProperties from /Users/benjamindavidson/Library/Application Support/gdlauncher_next/instances/The Hubris of Magic/journeymap/config/5.1/journeymap.core.config
[23:05:05] [Client thread/INFO] [PropertiesBase] Loaded FullMapProperties from /Users/benjamindavidson/Library/Application Support/gdlauncher_next/instances/The Hubris of Magic/journeymap/config/5.1/journeymap.fullmap.config
[23:05:05] [Client thread/INFO] [PropertiesBase] Loaded MiniMapProperties from /Users/benjamindavidson/Library/Application Support/gdlauncher_next/instances/The Hubris of Magic/journeymap/config/5.1/journeymap.minimap.config
[23:05:05] [Client thread/INFO] [PropertiesBase] Loaded MiniMapProperties2 from /Users/benjamindavidson/Library/Application Support/gdlauncher_next/instances/The Hubris of Magic/journeymap/config/5.1/journeymap.minimap2.config
[23:05:05] [Client thread/INFO] [PropertiesBase] Loaded WebMapProperties from /Users/benjamindavidson/Library/Application Support/gdlauncher_next/instances/The Hubris of Magic/journeymap/config/5.1/journeymap.webmap.config
[23:05:05] [Client thread/INFO] [PropertiesBase] Loaded WaypointProperties from /Users/benjamindavidson/Library/Application Support/gdlauncher_next/instances/The Hubris of Magic/journeymap/config/5.1/journeymap.waypoint.config
[23:05:05] [Client thread/INFO] [?] Version: JourneyMap 5.1.0 Unlimited, built with Forge 10.13.2.1291
Forge: 10.13.4.1448
Environment: os.name, os.arch, java.version, user.country, user.language=null, game language=en_US, locale=en_us
Unlimited Features: 
	RadarPlayers : singleplayer = true , multiplayer = true
	RadarAnimals : singleplayer = true , multiplayer = true
	RadarMobs : singleplayer = true , multiplayer = true
	RadarVillagers : singleplayer = true , multiplayer = true
	MapCaves : singleplayer = true , multiplayer = true
MiniMapProperties{entityIconSetName=2D, showAnimals=true, showMobs=true, showPets=true, showPlayers=true, showSelf=true, showVillagers=true, showWaypoints=true, zoomLevel=0, fontScale=1, locationFormat=xzyv, locationFormatVerbose=true, showCaves=true, showWaypointLabels=true, showMobHeading=true, showPlayerHeading=true, textureSmall=true, active=true, compassFontScale=1, enabled=true, frameAlpha=100, name=minimap, orientation=My Heading, position=Top Right, preferredMapType=day, reticleOrientation=Compass, shape=Circle, showBiome=true, showCompass=true, showFps=false, showLocation=true, showReticle=true, sizePercent=30, terrainAlpha=100}
MiniMapProperties2{enabled=true, shape=Rectangle, position=Top Center, showFps=false, showBiome=true, showLocation=true, showWaypointLabels=true, sizePercent=30, frameAlpha=60, terrainAlpha=60, orientation=My Heading, compassFontScale=1, showCompass=true, showReticle=true, reticleOrientation=Compass, preferredMapType=day, name=minimap2, id=2}
FullMapProperties{entityIconSetName=2D, showAnimals=true, showMobs=true, showPets=true, showPlayers=true, showSelf=true, showVillagers=true, showWaypoints=true, zoomLevel=0, fontScale=1, locationFormat=xzyv, locationFormatVerbose=true, showCaves=true, showWaypointLabels=true, showMobHeading=true, showPlayerHeading=true, textureSmall=true, preferredMapType=day, showGrid=true}
WaypointProperties{autoHideLabel=true, beaconEnabled=true, boldLabel=false, createDeathpoints=true, fontScale=2, managerEnabled=true, maxDistance=0, name=waypoint, showDistance=true, showName=true, showRotatingBeam=true, showStaticBeam=true, showTexture=true, textureSmall=true}
WebMapProperties: , enabled=false, port=8080, showMobs=true, showAnimals=true, showVillagers=true, showPets=true, showPlayers=true, showWaypoints=true, entityIconSetName=2D
CoreProperties{announceMod=true, autoMapPoll=2000, browserPoll=2000, cacheAnimalsData=3100, cacheMobsData=3000, cachePlayerData=1000, cachePlayersData=2000, cacheVillagersData=2200, caveIgnoreGlass=true, checkUpdates=true, renderDelay=2, hideSneakingEntities=true, logLevel=INFO, mapAntialiasing=true, mapBathymetry=false, mapCaveLighting=true, mapCrops=true, mapPlants=false, mapPlantShadows=false, mapSurfaceAboveCaves=true, tileHighDisplayQuality=true, mapTransparency=true, maxAnimalsData=32, maxMobsData=32, maxPlayersData=32, maxVillagersData=32, optionsManagerViewed=, radarLateralDistance=64, radarVerticalDistance=16, recordCacheStats=false, renderOverlayEventTypeName=ALL, renderOverlayPreEvent=true, renderDistanceCaveMin=3, renderDistanceCaveMax=3, renderDistanceSurfaceMin=4, renderDistanceSurfaceMax=7, revealShape=Circle, themeName=Victorian, tileRenderType=1}
[23:05:05] [Client thread/INFO] [JourneyMap] ensureCurrent EXIT, elapsed§8 count §r1§8 avg §r277.56§8ms§r
[23:05:10] [Client thread/INFO] [JourneyMap] postInitialize ENTER
[23:05:11] [Client thread/INFO] [WorldInfoHandler] Registered channel: world_info
[23:05:11] [Client thread/INFO] [ModBlockDelegate] Registered IModBlockHandler for: 'CarpentersBlocks:blockCarpentersBlock, CarpentersBlocks:blockCarpentersBarrier, CarpentersBlocks:blockCarpentersBed, CarpentersBlocks:blockCarpentersCollapsibleBlock, CarpentersBlocks:blockCarpentersDaylightSensor, CarpentersBlocks:blockCarpentersDoor, CarpentersBlocks:blockCarpentersFlowerPot, CarpentersBlocks:blockCarpentersGarageDoor, CarpentersBlocks:blockCarpentersGate, CarpentersBlocks:blockCarpentersHatch, CarpentersBlocks:blockCarpentersPressurePlate, CarpentersBlocks:blockCarpentersSafe, CarpentersBlocks:blockCarpentersSlope, CarpentersBlocks:blockCarpentersStairs'.
[23:05:11] [Client thread/INFO] [IconSetFileHandler] Initializing icon sets...
[23:05:11] [Client thread/INFO] [JourneyMap] postInitialize EXIT, elapsed§8 count §r1§8 avg §r648.22§8ms§r
